用户信息保存
http://localhost:8080/user/saveUser

{
    "userVo": {
        "username": "testUser2",
        "password": "123456",
        "email": "test2@example.com",
        "phoneNumber": "1234567890",
        "userType": "individual",
        "sourceType": "manual_register",
        "isValidFlag": "1"
    },
    "corporateClientVo": {
        "companyName": "Test Company",
        "certificateType": "Business License",
        "certificateNumber": "123456789",
        "contactPerson": "John Doe",
        "isValidFlag": "1"
    },
    "individualClientVo": {
        "fullName": "Jane Smith",
        "gender": "female",
        "birthDate": "1990-01-01",
        "isValidFlag": "1"
    },
    "lawyerVo": {
        "lawFirm": "Test Law Firm",
        "lawyerLicenseNumber": "LF12345",
        "specialization": "Civil Law",
        "isValidFlag": "1"
    },
    "administratorVo": {
        "adminRole": "Super Admin",
        "adminLevel": 1,
        "parentAdminId": null,
        "isValidFlag": "1"
    }
}